<?xml version="1.0" encoding="UTF-8"?>
<!-- Generated by org.testng.reporters.JUnitReportReporter -->
<testsuite hostname="Omar" failures="0" tests="4" name="com.FacebookChallenge.Faceboook.Challenge.FacebookLogin" time="27.266" errors="0" timestamp="2021-12-19T01:42:58 EET" skipped="0">
  <testcase classname="com.FacebookChallenge.Faceboook.Challenge.FacebookLogin" name="loginElementsExist" time="0.070"/>
  <system-out/>
  <testcase classname="com.FacebookChallenge.Faceboook.Challenge.FacebookLogin" name="UserLogin" time="12.569"/>
  <system-out/>
  <testcase classname="com.FacebookChallenge.Faceboook.Challenge.FacebookLogin" name="UserFailedLogin" time="0.968"/>
  <system-out/>
  <testcase classname="com.FacebookChallenge.Faceboook.Challenge.FacebookLogin" name="UserLogin" time="13.659"/>
  <system-out/>
</testsuite> <!-- com.FacebookChallenge.Faceboook.Challenge.FacebookLogin -->
